
5월 03, 2023 11:05:28.708 NEW SESSION
5월 03, 2023 11:05:28.708 [9220:11612:0503/110528.706:ERROR:device_event_log_impl.cc(222)] [11:05:28.706] USB: usb_device_handle_win.cc:1046 Failed to read descriptor from node connection: 시스템에 부착된 장치가 작동하지 않습니다. (0x1F)
5월 03, 2023 11:05:28.848 INFO: Created TensorFlow Lite XNNPACK delegate for CPU.
5월 03, 2023 11:15:01.721 [9220:9396:0503/111501.720:ERROR:connection_factory_impl.cc(472)] ConnectionHandler failed with net error: -2
5월 03, 2023 11:41:56.225 [9220:11612:0503/114156.225:ERROR:device_event_log_impl.cc(222)] [11:41:56.223] USB: usb_service_win.cc:104 SetupDiGetDeviceProperty({{A45C254E-DF1C-4EFD-8020-67D146A850E0}, 6}) failed: 요소가 없습니다. (0x490)
5월 03, 2023 11:41:56.236 [9220:11612:0503/114156.235:ERROR:device_event_log_impl.cc(222)] [11:41:56.235] USB: usb_service_win.cc:307 SetupDiEnumDeviceInterfaces: 사용 가능한 데이터가 없습니다. (0x103)
5월 03, 2023 11:41:56.327 [9220:11612:0503/114156.326:ERROR:device_event_log_impl.cc(222)] [11:41:56.325] USB: usb_service_win.cc:104 SetupDiGetDeviceProperty({{A45C254E-DF1C-4EFD-8020-67D146A850E0}, 6}) failed: 요소가 없습니다. (0x490)
5월 03, 2023 11:41:56.335 [9220:11612:0503/114156.335:ERROR:device_event_log_impl.cc(222)] [11:41:56.334] USB: usb_service_win.cc:307 SetupDiEnumDeviceInterfaces: 사용 가능한 데이터가 없습니다. (0x103)

5월 05, 2023 14:36:52.694 NEW SESSION
5월 05, 2023 14:36:52.694 [12796:14188:0505/143652.693:ERROR:device_event_log_impl.cc(222)] [14:36:52.692] USB: usb_device_handle_win.cc:1046 Failed to read descriptor from node connection: 시스템에 부착된 장치가 작동하지 않습니다. (0x1F)
5월 05, 2023 14:36:52.701 [12796:14188:0505/143652.693:ERROR:device_event_log_impl.cc(222)] [14:36:52.693] USB: usb_device_handle_win.cc:1046 Failed to read descriptor from node connection: 시스템에 부착된 장치가 작동하지 않습니다. (0x1F)
5월 05, 2023 14:36:53.243 INFO: Created TensorFlow Lite XNNPACK delegate for CPU.
5월 05, 2023 15:10:36.240 [12796:13344:0505/151036.239:ERROR:connection_factory_impl.cc(472)] ConnectionHandler failed with net error: -2
5월 05, 2023 15:13:13.965 [12796:14188:0505/151313.965:ERROR:device_event_log_impl.cc(222)] [15:13:13.964] USB: usb_service_win.cc:104 SetupDiGetDeviceProperty({{A45C254E-DF1C-4EFD-8020-67D146A850E0}, 6}) failed: 요소가 없습니다. (0x490)
5월 05, 2023 16:32:29.747 [12796:14188:0505/163229.745:ERROR:interface_endpoint_client.cc(695)] Message 0 rejected by interface blink.mojom.WidgetHost

5월 05, 2023 19:25:36.22 NEW SESSION
5월 05, 2023 19:25:36.23 [15320:16976:0505/192536.021:ERROR:device_event_log_impl.cc(222)] [19:25:36.021] USB: usb_device_handle_win.cc:1046 Failed to read descriptor from node connection: 시스템에 부착된 장치가 작동하지 않습니다. (0x1F)
5월 05, 2023 19:25:36.25 [15320:16976:0505/192536.021:ERROR:device_event_log_impl.cc(222)] [19:25:36.021] USB: usb_device_handle_win.cc:1046 Failed to read descriptor from node connection: 시스템에 부착된 장치가 작동하지 않습니다. (0x1F)
5월 05, 2023 19:25:36.776 INFO: Created TensorFlow Lite XNNPACK delegate for CPU.
5월 05, 2023 21:10:19.265 [15320:16976:0505/211019.265:ERROR:interface_endpoint_client.cc(695)] Message 0 rejected by interface blink.mojom.WidgetHost

5월 06, 2023 15:23:12.371 NEW SESSION
5월 06, 2023 15:23:12.371 [11624:7968:0506/152312.366:ERROR:device_event_log_impl.cc(222)] [15:23:12.366] USB: usb_device_handle_win.cc:1046 Failed to read descriptor from node connection: 시스템에 부착된 장치가 작동하지 않습니다. (0x1F)
5월 06, 2023 15:23:12.372 [11624:7968:0506/152312.366:ERROR:device_event_log_impl.cc(222)] [15:23:12.366] USB: usb_device_handle_win.cc:1046 Failed to read descriptor from node connection: 시스템에 부착된 장치가 작동하지 않습니다. (0x1F)
5월 06, 2023 15:23:13.26 INFO: Created TensorFlow Lite XNNPACK delegate for CPU.
5월 06, 2023 15:57:30.489 [11624:7968:0506/155730.489:ERROR:sharing_service.cc(252)] Device un-registration failed with fatal error
5월 07, 2023 24:08:29.258 [7008:2884:0507/000829.258:ERROR:device_event_log_impl.cc(222)] [00:08:29.259] USB: usb_device_handle_win.cc:1046 Failed to read descriptor from node connection: 시스템에 부착된 장치가 작동하지 않습니다. (0x1F)
5월 07, 2023 24:08:29.259 [7008:2884:0507/000829.259:ERROR:device_event_log_impl.cc(222)] [00:08:29.259] USB: usb_device_handle_win.cc:1046 Failed to read descriptor from node connection: 시스템에 부착된 장치가 작동하지 않습니다. (0x1F)
5월 07, 2023 24:08:29.421 INFO: Created TensorFlow Lite XNNPACK delegate for CPU.
5월 07, 2023 24:09:54.140 [2552:2492:0507/000954.140:ERROR:device_event_log_impl.cc(222)] [00:09:54.140] USB: usb_device_handle_win.cc:1046 Failed to read descriptor from node connection: 시스템에 부착된 장치가 작동하지 않습니다. (0x1F)
5월 07, 2023 24:09:54.141 [2552:2492:0507/000954.140:ERROR:device_event_log_impl.cc(222)] [00:09:54.140] USB: usb_device_handle_win.cc:1046 Failed to read descriptor from node connection: 시스템에 부착된 장치가 작동하지 않습니다. (0x1F)
5월 07, 2023 24:09:54.307 INFO: Created TensorFlow Lite XNNPACK delegate for CPU.
5월 07, 2023 24:41:35.796 [13548:15944:0507/004135.795:ERROR:device_event_log_impl.cc(222)] [00:41:35.796] USB: usb_device_handle_win.cc:1046 Failed to read descriptor from node connection: 시스템에 부착된 장치가 작동하지 않습니다. (0x1F)
5월 07, 2023 24:41:35.797 [13548:15944:0507/004135.796:ERROR:device_event_log_impl.cc(222)] [00:41:35.797] USB: usb_device_handle_win.cc:1046 Failed to read descriptor from node connection: 시스템에 부착된 장치가 작동하지 않습니다. (0x1F)
5월 07, 2023 24:41:35.965 INFO: Created TensorFlow Lite XNNPACK delegate for CPU.

5월 07, 2023 15:51:04.809 NEW SESSION
5월 07, 2023 15:51:04.809 [2992:9576:0507/155104.804:ERROR:device_event_log_impl.cc(222)] [15:51:04.804] USB: usb_device_handle_win.cc:1046 Failed to read descriptor from node connection: 시스템에 부착된 장치가 작동하지 않습니다. (0x1F)
5월 07, 2023 15:51:04.810 [2992:9576:0507/155104.804:ERROR:device_event_log_impl.cc(222)] [15:51:04.805] USB: usb_device_handle_win.cc:1046 Failed to read descriptor from node connection: 시스템에 부착된 장치가 작동하지 않습니다. (0x1F)
5월 07, 2023 15:51:05.160 INFO: Created TensorFlow Lite XNNPACK delegate for CPU.

5월 08, 2023 09:37:41.327 NEW SESSION
5월 08, 2023 09:37:41.327 [6740:10692:0508/093741.326:ERROR:device_event_log_impl.cc(222)] [09:37:41.326] USB: usb_service_win.cc:104 SetupDiGetDeviceProperty({{A45C254E-DF1C-4EFD-8020-67D146A850E0}, 6}) failed: 요소가 없습니다. (0x490)
5월 08, 2023 09:37:42.11 INFO: Created TensorFlow Lite XNNPACK delegate for CPU.
5월 08, 2023 09:38:11.367 [3780:12612:0508/093811.366:ERROR:device_event_log_impl.cc(222)] [09:38:11.366] USB: usb_service_win.cc:104 SetupDiGetDeviceProperty({{A45C254E-DF1C-4EFD-8020-67D146A850E0}, 6}) failed: 요소가 없습니다. (0x490)
5월 08, 2023 09:38:11.554 INFO: Created TensorFlow Lite XNNPACK delegate for CPU.
5월 08, 2023 09:38:16.384 [3780:12612:0508/093816.381:ERROR:device_event_log_impl.cc(222)] [09:38:16.382] USB: usb_device_handle_win.cc:1046 Failed to read descriptor from node connection: 스레드 종료 또는 응용 프로그램 요청 때문에 I/O 작업이 취소되었습니다. (0x3E3)
5월 08, 2023 09:38:16.385 [3780:12612:0508/093816.383:ERROR:device_event_log_impl.cc(222)] [09:38:16.383] USB: usb_device_handle_win.cc:1046 Failed to read descriptor from node connection: 시스템에 부착된 장치가 작동하지 않습니다. (0x1F)
5월 08, 2023 09:38:16.493 [3780:12612:0508/093816.492:ERROR:device_event_log_impl.cc(222)] [09:38:16.492] USB: usb_device_handle_win.cc:1046 Failed to read descriptor from node connection: 시스템에 부착된 장치가 작동하지 않습니다. (0x1F)
5월 08, 2023 11:09:43.138 [2992:14316:0508/110943.137:ERROR:device_event_log_impl.cc(222)] [11:09:43.137] USB: usb_service_win.cc:104 SetupDiGetDeviceProperty({{A45C254E-DF1C-4EFD-8020-67D146A850E0}, 6}) failed: 요소가 없습니다. (0x490)
5월 08, 2023 11:09:43.139 [2992:14316:0508/110943.139:ERROR:device_event_log_impl.cc(222)] [11:09:43.139] USB: usb_device_handle_win.cc:1046 Failed to read descriptor from node connection: 시스템에 부착된 장치가 작동하지 않습니다. (0x1F)
5월 08, 2023 11:09:43.141 [2992:14316:0508/110943.141:ERROR:device_event_log_impl.cc(222)] [11:09:43.140] USB: usb_device_handle_win.cc:1046 Failed to read descriptor from node connection: 시스템에 부착된 장치가 작동하지 않습니다. (0x1F)
5월 08, 2023 11:09:43.344 INFO: Created TensorFlow Lite XNNPACK delegate for CPU.
5월 08, 2023 11:16:09.143 [libprotobuf ERROR ..\..\third_party\protobuf\src\google\protobuf\message_lite.cc:133] Can't parse message of type "safe_browsing.ClientDownloadRequest" because it is missing required fields: (cannot determine missing fields for lite message)
5월 08, 2023 11:16:10.485 [libprotobuf ERROR ..\..\third_party\protobuf\src\google\protobuf\message_lite.cc:133] Can't parse message of type "safe_browsing.ClientDownloadRequest" because it is missing required fields: (cannot determine missing fields for lite message)
5월 08, 2023 11:16:11.839 [libprotobuf ERROR ..\..\third_party\protobuf\src\google\protobuf\message_lite.cc:133] Can't parse message of type "safe_browsing.ClientDownloadRequest" because it is missing required fields: (cannot determine missing fields for lite message)
5월 08, 2023 13:25:52.116 [2992:14316:0508/132552.114:ERROR:device_event_log_impl.cc(222)] [13:25:52.114] USB: usb_service_win.cc:307 SetupDiEnumDeviceInterfaces: 사용 가능한 데이터가 없습니다. (0x103)
5월 08, 2023 13:56:58.436 [2992:6508:0508/135658.436:ERROR:connection_factory_impl.cc(472)] ConnectionHandler failed with net error: -2
5월 08, 2023 13:56:59.520 [2992:14316:0508/135659.520:ERROR:device_event_log_impl.cc(222)] [13:56:59.520] USB: usb_service_win.cc:104 SetupDiGetDeviceProperty({{A45C254E-DF1C-4EFD-8020-67D146A850E0}, 6}) failed: 요소가 없습니다. (0x490)

5월 08, 2023 18:57:22.44 NEW SESSION
5월 08, 2023 18:57:22.44 INFO: Created TensorFlow Lite XNNPACK delegate for CPU.
5월 08, 2023 18:57:26.568 [4968:9288:0508/185726.566:ERROR:device_event_log_impl.cc(222)] [18:57:26.566] USB: usb_device_handle_win.cc:1046 Failed to read descriptor from node connection: 스레드 종료 또는 응용 프로그램 요청 때문에 I/O 작업이 취소되었습니다. (0x3E3)
5월 08, 2023 18:57:26.569 [4968:9288:0508/185726.567:ERROR:device_event_log_impl.cc(222)] [18:57:26.567] USB: usb_device_handle_win.cc:1046 Failed to read descriptor from node connection: 시스템에 부착된 장치가 작동하지 않습니다. (0x1F)
5월 08, 2023 18:57:31.573 [4968:9288:0508/185731.572:ERROR:device_event_log_impl.cc(222)] [18:57:31.572] USB: usb_device_handle_win.cc:1046 Failed to read descriptor from node connection: 스레드 종료 또는 응용 프로그램 요청 때문에 I/O 작업이 취소되었습니다. (0x3E3)
5월 08, 2023 18:57:31.681 [4968:9288:0508/185731.680:ERROR:device_event_log_impl.cc(222)] [18:57:31.680] USB: usb_device_handle_win.cc:1046 Failed to read descriptor from node connection: 시스템에 부착된 장치가 작동하지 않습니다. (0x1F)
5월 08, 2023 18:57:52.239 [4968:9288:0508/185752.238:ERROR:device_event_log_impl.cc(222)] [18:57:52.239] USB: usb_service_win.cc:104 SetupDiGetDeviceProperty({{A45C254E-DF1C-4EFD-8020-67D146A850E0}, 6}) failed: 요소가 없습니다. (0x490)

5월 09, 2023 09:43:34.844 NEW SESSION
5월 09, 2023 09:43:34.844 INFO: Created TensorFlow Lite XNNPACK delegate for CPU.
5월 09, 2023 09:43:39.343 [4868:3396:0509/094339.342:ERROR:device_event_log_impl.cc(222)] [09:43:39.342] USB: usb_device_handle_win.cc:1046 Failed to read descriptor from node connection: 스레드 종료 또는 응용 프로그램 요청 때문에 I/O 작업이 취소되었습니다. (0x3E3)
5월 09, 2023 09:43:39.344 [4868:3396:0509/094339.342:ERROR:device_event_log_impl.cc(222)] [09:43:39.342] USB: usb_device_handle_win.cc:1046 Failed to read descriptor from node connection: 시스템에 부착된 장치가 작동하지 않습니다. (0x1F)
5월 09, 2023 09:43:44.344 [4868:3396:0509/094344.344:ERROR:device_event_log_impl.cc(222)] [09:43:44.344] USB: usb_device_handle_win.cc:1046 Failed to read descriptor from node connection: 스레드 종료 또는 응용 프로그램 요청 때문에 I/O 작업이 취소되었습니다. (0x3E3)
5월 09, 2023 09:43:44.455 [4868:3396:0509/094344.455:ERROR:device_event_log_impl.cc(222)] [09:43:44.455] USB: usb_device_handle_win.cc:1046 Failed to read descriptor from node connection: 시스템에 부착된 장치가 작동하지 않습니다. (0x1F)
5월 09, 2023 09:46:50.85 [4868:3396:0509/094650.085:ERROR:device_event_log_impl.cc(222)] [09:46:50.085] USB: usb_service_win.cc:104 SetupDiGetDeviceProperty({{A45C254E-DF1C-4EFD-8020-67D146A850E0}, 6}) failed: 요소가 없습니다. (0x490)
5월 09, 2023 12:23:33.222 [4868:3396:0509/122333.221:ERROR:interface_endpoint_client.cc(695)] Message 0 rejected by interface blink.mojom.WidgetHost
5월 09, 2023 14:06:40.304 [4868:11548:0509/140640.304:ERROR:connection_factory_impl.cc(472)] ConnectionHandler failed with net error: -2
5월 09, 2023 15:36:43.689 [4868:3396:0509/153643.689:ERROR:interface_endpoint_client.cc(695)] Message 0 rejected by interface blink.mojom.WidgetHost
5월 09, 2023 20:36:45.723 [17876:17176:0509/203645.723:ERROR:device_event_log_impl.cc(222)] [20:36:45.723] USB: usb_device_handle_win.cc:1046 Failed to read descriptor from node connection: 시스템에 부착된 장치가 작동하지 않습니다. (0x1F)
5월 09, 2023 20:36:45.725 [17876:17176:0509/203645.725:ERROR:device_event_log_impl.cc(222)] [20:36:45.724] USB: usb_device_handle_win.cc:1046 Failed to read descriptor from node connection: 시스템에 부착된 장치가 작동하지 않습니다. (0x1F)
5월 09, 2023 20:36:46.167 INFO: Created TensorFlow Lite XNNPACK delegate for CPU.
5월 09, 2023 20:56:36.149 [12564:1988:0509/205636.149:ERROR:device_event_log_impl.cc(222)] [20:56:36.148] USB: usb_device_handle_win.cc:1046 Failed to read descriptor from node connection: 시스템에 부착된 장치가 작동하지 않습니다. (0x1F)
5월 09, 2023 20:56:36.150 [12564:1988:0509/205636.150:ERROR:device_event_log_impl.cc(222)] [20:56:36.150] USB: usb_device_handle_win.cc:1046 Failed to read descriptor from node connection: 시스템에 부착된 장치가 작동하지 않습니다. (0x1F)
5월 09, 2023 20:56:36.224 INFO: Created TensorFlow Lite XNNPACK delegate for CPU.

5월 10, 2023 09:35:40.182 NEW SESSION
5월 10, 2023 09:35:40.182 [13828:6956:0510/093540.181:ERROR:interface_endpoint_client.cc(696)] Message 1 rejected by interface blink.mojom.WidgetHost
5월 10, 2023 09:38:23.625 [13828:6956:0510/093823.625:ERROR:page_load_metrics_update_dispatcher.cc(178)] Invalid first_paint (unset) for first_image_paint 0.677 s
5월 10, 2023 09:38:23.651 [13828:6956:0510/093823.650:ERROR:page_load_metrics_update_dispatcher.cc(178)] Invalid first_paint 0.694 s for first_image_paint 0.677 s
5월 10, 2023 09:38:23.765 [13828:6956:0510/093823.765:ERROR:page_load_metrics_update_dispatcher.cc(178)] Invalid first_paint 0.694 s for first_image_paint 0.677 s
5월 10, 2023 09:38:23.869 [13828:6956:0510/093823.868:ERROR:page_load_metrics_update_dispatcher.cc(178)] Invalid first_paint 0.694 s for first_image_paint 0.677 s
5월 10, 2023 09:38:23.975 [13828:6956:0510/093823.975:ERROR:page_load_metrics_update_dispatcher.cc(178)] Invalid first_paint 0.694 s for first_image_paint 0.677 s
5월 10, 2023 09:38:24.76 [13828:6956:0510/093824.076:ERROR:page_load_metrics_update_dispatcher.cc(178)] Invalid first_paint 0.694 s for first_image_paint 0.677 s
5월 10, 2023 09:38:24.188 [13828:6956:0510/093824.188:ERROR:page_load_metrics_update_dispatcher.cc(178)] Invalid first_paint 0.694 s for first_image_paint 0.677 s
5월 10, 2023 09:38:24.730 [13828:6956:0510/093824.730:ERROR:page_load_metrics_update_dispatcher.cc(178)] Invalid first_paint 0.694 s for first_image_paint 0.677 s
5월 10, 2023 09:38:29.29 [13828:6956:0510/093829.028:ERROR:page_load_metrics_update_dispatcher.cc(178)] Invalid first_paint 0.694 s for first_image_paint 0.677 s
5월 10, 2023 09:38:29.802 [13828:6956:0510/093829.802:ERROR:page_load_metrics_update_dispatcher.cc(178)] Invalid first_paint 0.694 s for first_image_paint 0.677 s
5월 10, 2023 09:38:30.330 [13828:6956:0510/093830.330:ERROR:page_load_metrics_update_dispatcher.cc(178)] Invalid first_paint 0.694 s for first_image_paint 0.677 s
5월 10, 2023 09:38:31.108 [13828:6956:0510/093831.108:ERROR:page_load_metrics_update_dispatcher.cc(178)] Invalid first_paint 0.694 s for first_image_paint 0.677 s
5월 10, 2023 09:38:31.293 [13828:6956:0510/093831.293:ERROR:page_load_metrics_update_dispatcher.cc(178)] Invalid first_paint 0.694 s for first_image_paint 0.677 s
5월 10, 2023 09:38:31.434 [13828:6956:0510/093831.434:ERROR:page_load_metrics_update_dispatcher.cc(178)] Invalid first_paint 0.694 s for first_image_paint 0.677 s
5월 10, 2023 09:38:38.308 [13828:6956:0510/093838.307:ERROR:page_load_metrics_update_dispatcher.cc(178)] Invalid first_paint 0.694 s for first_image_paint 0.677 s
5월 10, 2023 09:38:45.505 [13828:6956:0510/093845.505:ERROR:page_load_metrics_update_dispatcher.cc(178)] Invalid first_paint 0.694 s for first_image_paint 0.677 s
5월 10, 2023 09:38:54.57 [13828:6956:0510/093854.057:ERROR:page_load_metrics_update_dispatcher.cc(178)] Invalid first_paint 0.694 s for first_image_paint 0.677 s
5월 10, 2023 09:39:01.632 [13828:6956:0510/093901.632:ERROR:page_load_metrics_update_dispatcher.cc(178)] Invalid first_paint 0.694 s for first_image_paint 0.677 s
5월 10, 2023 09:39:09.182 [13828:6956:0510/093909.182:ERROR:page_load_metrics_update_dispatcher.cc(178)] Invalid first_paint 0.694 s for first_image_paint 0.677 s
5월 10, 2023 09:39:17.136 [13828:6956:0510/093917.136:ERROR:page_load_metrics_update_dispatcher.cc(178)] Invalid first_paint 0.694 s for first_image_paint 0.677 s
5월 10, 2023 09:39:24.776 [13828:6956:0510/093924.776:ERROR:page_load_metrics_update_dispatcher.cc(178)] Invalid first_paint 0.694 s for first_image_paint 0.677 s
5월 10, 2023 09:39:31.824 [13828:6956:0510/093931.824:ERROR:page_load_metrics_update_dispatcher.cc(178)] Invalid first_paint 0.694 s for first_image_paint 0.677 s
5월 10, 2023 09:39:36.244 [13828:6956:0510/093936.244:ERROR:page_load_metrics_update_dispatcher.cc(178)] Invalid first_paint 0.694 s for first_image_paint 0.677 s
5월 10, 2023 09:39:39.992 [13828:6956:0510/093939.992:ERROR:page_load_metrics_update_dispatcher.cc(178)] Invalid first_paint 0.694 s for first_image_paint 0.677 s
5월 10, 2023 09:40:14.181 [13828:6956:0510/094014.179:ERROR:device_event_log_impl.cc(222)] [09:40:14.172] USB: usb_service_win.cc:104 SetupDiGetDeviceProperty({{A45C254E-DF1C-4EFD-8020-67D146A850E0}, 6}) failed: 요소가 없습니다. (0x490)
5월 10, 2023 09:40:22.399 [13828:6956:0510/094022.398:ERROR:page_load_metrics_update_dispatcher.cc(178)] Invalid first_paint 0.694 s for first_image_paint 0.677 s
5월 10, 2023 09:53:27.357 [13828:6956:0510/095327.357:ERROR:interface_endpoint_client.cc(696)] Message 0 rejected by interface blink.mojom.WidgetHost
5월 10, 2023 10:22:18.459 [13828:6956:0510/102218.459:ERROR:page_load_metrics_update_dispatcher.cc(178)] Invalid first_paint 0.694 s for first_image_paint 0.677 s
5월 10, 2023 10:51:18.423 [13828:6956:0510/105118.422:ERROR:page_load_metrics_update_dispatcher.cc(178)] Invalid first_paint 0.694 s for first_image_paint 0.677 s
5월 10, 2023 11:51:18.404 [13828:6956:0510/115118.404:ERROR:page_load_metrics_update_dispatcher.cc(178)] Invalid first_paint 0.694 s for first_image_paint 0.677 s
5월 10, 2023 12:00:32.408 [13828:6956:0510/120032.407:ERROR:page_load_metrics_update_dispatcher.cc(178)] Invalid first_paint 0.694 s for first_image_paint 0.677 s
5월 10, 2023 12:07:46.474 [13828:6956:0510/120746.474:ERROR:page_load_metrics_update_dispatcher.cc(178)] Invalid first_paint 0.694 s for first_image_paint 0.677 s
5월 10, 2023 12:07:49.810 [13828:6956:0510/120749.810:ERROR:page_load_metrics_update_dispatcher.cc(178)] Invalid first_paint 0.694 s for first_image_paint 0.677 s
5월 10, 2023 12:48:46.518 [libprotobuf ERROR ..\..\third_party\protobuf\src\google\protobuf\message_lite.cc:133] Can't parse message of type "safe_browsing.ClientDownloadRequest" because it is missing required fields: (cannot determine missing fields for lite message)
5월 10, 2023 12:48:49.155 [libprotobuf ERROR ..\..\third_party\protobuf\src\google\protobuf\message_lite.cc:133] Can't parse message of type "safe_browsing.ClientDownloadRequest" because it is missing required fields: (cannot determine missing fields for lite message)
5월 10, 2023 12:48:50.812 [libprotobuf ERROR ..\..\third_party\protobuf\src\google\protobuf\message_lite.cc:133] Can't parse message of type "safe_browsing.ClientDownloadRequest" because it is missing required fields: (cannot determine missing fields for lite message)
5월 10, 2023 12:48:52.142 [libprotobuf ERROR ..\..\third_party\protobuf\src\google\protobuf\message_lite.cc:133] Can't parse message of type "safe_browsing.ClientDownloadRequest" because it is missing required fields: (cannot determine missing fields for lite message)
5월 10, 2023 13:04:53.815 [libprotobuf ERROR ..\..\third_party\protobuf\src\google\protobuf\message_lite.cc:133] Can't parse message of type "safe_browsing.ClientDownloadRequest" because it is missing required fields: (cannot determine missing fields for lite message)
5월 10, 2023 13:04:55.571 [libprotobuf ERROR ..\..\third_party\protobuf\src\google\protobuf\message_lite.cc:133] Can't parse message of type "safe_browsing.ClientDownloadRequest" because it is missing required fields: (cannot determine missing fields for lite message)
5월 10, 2023 15:30:17.511 [0510/153017.510:ERROR:filesystem_win.cc(130)] GetFileAttributes C:\Users\SMNote\AppData\Local\Google\Chrome\User Data\Crashpad\attachments\4f3b30c9-c3a9-4ae6-a3f0-1e2c642be6d4: 지정된 파일을 찾을 수 없습니다. (0x2)
5월 10, 2023 15:30:17.511 [0510/153017.510:ERROR:filesystem_win.cc(130)] GetFileAttributes C:\Users\SMNote\AppData\Local\Google\Chrome\User Data\Crashpad\attachments\f8b29599-3572-4e74-84fe-31db7c31d199: 지정된 파일을 찾을 수 없습니다. (0x2)
5월 10, 2023 15:30:17.511 [0510/153017.511:ERROR:filesystem_win.cc(130)] GetFileAttributes C:\Users\SMNote\AppData\Local\Google\Chrome\User Data\Crashpad\attachments\e0179442-227d-4624-acd4-d750788c1cb9: 지정된 파일을 찾을 수 없습니다. (0x2)
5월 10, 2023 15:30:17.512 [0510/153017.512:ERROR:filesystem_win.cc(130)] GetFileAttributes C:\Users\SMNote\AppData\Local\Google\Chrome\User Data\Crashpad\attachments\4f3b30c9-c3a9-4ae6-a3f0-1e2c642be6d4: 지정된 파일을 찾을 수 없습니다. (0x2)
5월 10, 2023 15:30:17.512 [0510/153017.512:ERROR:filesystem_win.cc(130)] GetFileAttributes C:\Users\SMNote\AppData\Local\Google\Chrome\User Data\Crashpad\attachments\f8b29599-3572-4e74-84fe-31db7c31d199: 지정된 파일을 찾을 수 없습니다. (0x2)
5월 10, 2023 15:30:17.513 [0510/153017.512:ERROR:filesystem_win.cc(130)] GetFileAttributes C:\Users\SMNote\AppData\Local\Google\Chrome\User Data\Crashpad\attachments\e0179442-227d-4624-acd4-d750788c1cb9: 지정된 파일을 찾을 수 없습니다. (0x2)
5월 10, 2023 15:30:17.513 [0510/153017.513:ERROR:filesystem_win.cc(130)] GetFileAttributes C:\Users\SMNote\AppData\Local\Google\Chrome\User Data\Crashpad\attachments\4f3b30c9-c3a9-4ae6-a3f0-1e2c642be6d4: 지정된 파일을 찾을 수 없습니다. (0x2)
5월 10, 2023 15:30:17.513 [0510/153017.513:ERROR:filesystem_win.cc(130)] GetFileAttributes C:\Users\SMNote\AppData\Local\Google\Chrome\User Data\Crashpad\attachments\f8b29599-3572-4e74-84fe-31db7c31d199: 지정된 파일을 찾을 수 없습니다. (0x2)
5월 10, 2023 15:30:17.514 [0510/153017.514:ERROR:filesystem_win.cc(130)] GetFileAttributes C:\Users\SMNote\AppData\Local\Google\Chrome\User Data\Crashpad\attachments\e0179442-227d-4624-acd4-d750788c1cb9: 지정된 파일을 찾을 수 없습니다. (0x2)
5월 10, 2023 15:30:17.514 [0510/153017.514:ERROR:filesystem_win.cc(130)] GetFileAttributes C:\Users\SMNote\AppData\Local\Google\Chrome\User Data\Crashpad\attachments\e0179442-227d-4624-acd4-d750788c1cb9: 지정된 파일을 찾을 수 없습니다. (0x2)
5월 10, 2023 15:30:17.515 [0510/153017.515:ERROR:filesystem_win.cc(130)] GetFileAttributes C:\Users\SMNote\AppData\Local\Google\Chrome\User Data\Crashpad\attachments\4f3b30c9-c3a9-4ae6-a3f0-1e2c642be6d4: 지정된 파일을 찾을 수 없습니다. (0x2)
5월 10, 2023 15:30:17.515 [0510/153017.515:ERROR:filesystem_win.cc(130)] GetFileAttributes C:\Users\SMNote\AppData\Local\Google\Chrome\User Data\Crashpad\attachments\f8b29599-3572-4e74-84fe-31db7c31d199: 지정된 파일을 찾을 수 없습니다. (0x2)
5월 10, 2023 15:30:17.516 [0510/153017.516:ERROR:filesystem_win.cc(130)] GetFileAttributes C:\Users\SMNote\AppData\Local\Google\Chrome\User Data\Crashpad\attachments\f8b29599-3572-4e74-84fe-31db7c31d199: 지정된 파일을 찾을 수 없습니다. (0x2)
5월 10, 2023 15:30:17.516 [0510/153017.516:ERROR:filesystem_win.cc(130)] GetFileAttributes C:\Users\SMNote\AppData\Local\Google\Chrome\User Data\Crashpad\attachments\4f3b30c9-c3a9-4ae6-a3f0-1e2c642be6d4: 지정된 파일을 찾을 수 없습니다. (0x2)
5월 10, 2023 15:30:17.516 [0510/153017.516:ERROR:filesystem_win.cc(130)] GetFileAttributes C:\Users\SMNote\AppData\Local\Google\Chrome\User Data\Crashpad\attachments\4f3b30c9-c3a9-4ae6-a3f0-1e2c642be6d4: 지정된 파일을 찾을 수 없습니다. (0x2)
5월 10, 2023 18:29:37.458 [libprotobuf ERROR ..\..\third_party\protobuf\src\google\protobuf\message_lite.cc:133] Can't parse message of type "safe_browsing.ClientDownloadRequest" because it is missing required fields: (cannot determine missing fields for lite message)
5월 10, 2023 18:54:03.438 [13828:6956:0510/185403.438:ERROR:device_event_log_impl.cc(222)] [18:54:03.436] USB: usb_service_win.cc:104 SetupDiGetDeviceProperty({{A45C254E-DF1C-4EFD-8020-67D146A850E0}, 6}) failed: 요소가 없습니다. (0x490)
5월 10, 2023 18:54:03.448 [13828:6956:0510/185403.448:ERROR:device_event_log_impl.cc(222)] [18:54:03.447] USB: usb_service_win.cc:307 SetupDiEnumDeviceInterfaces: 사용 가능한 데이터가 없습니다. (0x103)
5월 10, 2023 18:55:05.714 [13828:6956:0510/185505.714:ERROR:interface_endpoint_client.cc(696)] Message 0 rejected by interface blink.mojom.WidgetHost
5월 10, 2023 18:55:21.851 [13828:6956:0510/185521.851:ERROR:device_event_log_impl.cc(222)] [18:55:21.847] USB: usb_service_win.cc:104 SetupDiGetDeviceProperty({{A45C254E-DF1C-4EFD-8020-67D146A850E0}, 6}) failed: 요소가 없습니다. (0x490)
5월 10, 2023 18:55:21.898 [13828:6956:0510/185521.898:ERROR:device_event_log_impl.cc(222)] [18:55:21.894] USB: usb_service_win.cc:307 SetupDiEnumDeviceInterfaces: 사용 가능한 데이터가 없습니다. (0x103)
5월 10, 2023 18:55:21.914 [13828:6956:0510/185521.914:ERROR:device_event_log_impl.cc(222)] [18:55:21.904] USB: usb_service_win.cc:104 SetupDiGetDeviceProperty({{A45C254E-DF1C-4EFD-8020-67D146A850E0}, 6}) failed: 요소가 없습니다. (0x490)
5월 10, 2023 18:55:21.922 [13828:6956:0510/185521.922:ERROR:device_event_log_impl.cc(222)] [18:55:21.913] USB: usb_service_win.cc:307 SetupDiEnumDeviceInterfaces: 사용 가능한 데이터가 없습니다. (0x103)
5월 10, 2023 18:55:21.930 [13828:6956:0510/185521.930:ERROR:device_event_log_impl.cc(222)] [18:55:21.922] USB: usb_service_win.cc:104 SetupDiGetDeviceProperty({{A45C254E-DF1C-4EFD-8020-67D146A850E0}, 6}) failed: 요소가 없습니다. (0x490)
5월 10, 2023 18:55:21.930 [13828:6956:0510/185521.930:ERROR:device_event_log_impl.cc(222)] [18:55:21.926] USB: usb_service_win.cc:307 SetupDiEnumDeviceInterfaces: 사용 가능한 데이터가 없습니다. (0x103)
5월 10, 2023 19:16:17.43 [13828:6956:0510/191617.043:ERROR:device_event_log_impl.cc(222)] [19:16:17.043] USB: usb_service_win.cc:104 SetupDiGetDeviceProperty({{A45C254E-DF1C-4EFD-8020-67D146A850E0}, 6}) failed: 요소가 없습니다. (0x490)
5월 10, 2023 19:16:17.85 [13828:6956:0510/191617.085:ERROR:device_event_log_impl.cc(222)] [19:16:17.084] USB: usb_service_win.cc:104 SetupDiGetDeviceProperty({{A45C254E-DF1C-4EFD-8020-67D146A850E0}, 6}) failed: 요소가 없습니다. (0x490)
5월 10, 2023 19:16:17.91 [13828:6956:0510/191617.091:ERROR:device_event_log_impl.cc(222)] [19:16:17.091] USB: usb_service_win.cc:307 SetupDiEnumDeviceInterfaces: 사용 가능한 데이터가 없습니다. (0x103)
5월 10, 2023 19:18:41.677 [13828:6956:0510/191841.677:ERROR:device_event_log_impl.cc(222)] [19:18:41.683] USB: usb_service_win.cc:104 SetupDiGetDeviceProperty({{A45C254E-DF1C-4EFD-8020-67D146A850E0}, 6}) failed: 요소가 없습니다. (0x490)
5월 10, 2023 19:18:41.690 [13828:6956:0510/191841.690:ERROR:device_event_log_impl.cc(222)] [19:18:41.691] USB: usb_service_win.cc:307 SetupDiEnumDeviceInterfaces: 사용 가능한 데이터가 없습니다. (0x103)
5월 10, 2023 19:36:44.814 [13828:6956:0510/193644.814:ERROR:device_event_log_impl.cc(222)] [19:36:44.817] USB: usb_service_win.cc:104 SetupDiGetDeviceProperty({{A45C254E-DF1C-4EFD-8020-67D146A850E0}, 6}) failed: 요소가 없습니다. (0x490)
5월 10, 2023 19:36:44.824 [13828:14732:0510/193644.824:ERROR:connection_factory_impl.cc(471)] ConnectionHandler failed with net error: -2
5월 10, 2023 19:36:44.828 [13828:14732:0510/193644.828:ERROR:connection_factory_impl.cc(428)] Failed to connect to MCS endpoint with error -105
5월 10, 2023 19:36:45.965 [13828:6956:0510/193645.965:ERROR:device_event_log_impl.cc(222)] [19:36:45.977] USB: usb_service_win.cc:104 SetupDiGetDeviceProperty({{A45C254E-DF1C-4EFD-8020-67D146A850E0}, 6}) failed: 요소가 없습니다. (0x490)
5월 10, 2023 19:36:54.69 [13828:6956:0510/193654.069:ERROR:device_event_log_impl.cc(222)] [19:36:54.073] USB: usb_service_win.cc:104 SetupDiGetDeviceProperty({{A45C254E-DF1C-4EFD-8020-67D146A850E0}, 6}) failed: 요소가 없습니다. (0x490)
5월 10, 2023 19:36:54.69 [13828:6956:0510/193654.069:ERROR:device_event_log_impl.cc(222)] [19:36:54.077] USB: usb_service_win.cc:307 SetupDiEnumDeviceInterfaces: 사용 가능한 데이터가 없습니다. (0x103)

5월 12, 2023 16:49:39.313 NEW SESSION
5월 12, 2023 16:49:39.313 [10296:9152:0512/164939.301:ERROR:interface_endpoint_client.cc(696)] Message 0 rejected by interface blink.mojom.WidgetHost
5월 12, 2023 17:13:35.908 [10296:9152:0512/171335.908:ERROR:CONSOLE(1)] "Uncaught (in promise) RangeError: Invalid line number 1177 in 836-line document", source: devtools://devtools/bundled/devtools-frontend/front_end/third_party/codemirror.next/chunk/codemirror.js (1)
5월 12, 2023 18:01:17.951 [libprotobuf ERROR ..\..\third_party\protobuf\src\google\protobuf\message_lite.cc:133] Can't parse message of type "safe_browsing.ClientDownloadRequest" because it is missing required fields: (cannot determine missing fields for lite message)
5월 12, 2023 18:01:19.580 [libprotobuf ERROR ..\..\third_party\protobuf\src\google\protobuf\message_lite.cc:133] Can't parse message of type "safe_browsing.ClientDownloadRequest" because it is missing required fields: (cannot determine missing fields for lite message)
5월 12, 2023 18:58:00.980 [10296:9152:0512/185800.980:ERROR:sharing_service.cc(252)] Device un-registration failed with fatal error

5월 13, 2023 20:09:30.589 NEW SESSION
5월 13, 2023 20:09:30.589 [10352:5972:0513/200930.587:ERROR:device_event_log_impl.cc(222)] [20:09:30.586] USB: usb_service_win.cc:104 SetupDiGetDeviceProperty({{A45C254E-DF1C-4EFD-8020-67D146A850E0}, 6}) failed: 요소가 없습니다. (0x490)
5월 13, 2023 20:34:00.93 [10352:5972:0513/203400.092:ERROR:interface_endpoint_client.cc(696)] Message 0 rejected by interface blink.mojom.WidgetHost
5월 13, 2023 20:34:35.978 [libprotobuf ERROR ..\..\third_party\protobuf\src\google\protobuf\message_lite.cc:133] Can't parse message of type "safe_browsing.ClientDownloadRequest" because it is missing required fields: (cannot determine missing fields for lite message)

5월 14, 2023 12:47:53.199 NEW SESSION
5월 14, 2023 12:47:53.199 [9820:9604:0514/124753.187:ERROR:device_event_log_impl.cc(222)] [12:47:53.187] USB: usb_service_win.cc:104 SetupDiGetDeviceProperty({{A45C254E-DF1C-4EFD-8020-67D146A850E0}, 6}) failed: 요소가 없습니다. (0x490)
5월 14, 2023 12:56:40.203 [9820:9604:0514/125640.203:ERROR:gpu_process_host.cc(953)] GPU process exited unexpectedly: exit_code=34
5월 14, 2023 14:57:13.155 [9820:9604:0514/145713.155:ERROR:interface_endpoint_client.cc(696)] Message 0 rejected by interface blink.mojom.WidgetHost
5월 14, 2023 14:57:13.155 [9820:9604:0514/145713.155:ERROR:interface_endpoint_client.cc(696)] Message 1 rejected by interface blink.mojom.WidgetHost
5월 14, 2023 15:25:58.753 [9820:9604:0514/152558.753:ERROR:interface_endpoint_client.cc(696)] Message 0 rejected by interface blink.mojom.WidgetHost

5월 14, 2023 18:18:55.535 NEW SESSION
5월 14, 2023 18:18:55.535 [6600:8860:0514/181855.529:ERROR:sharing_service.cc(252)] Device un-registration failed with fatal error

5월 15, 2023 11:48:20.965 NEW SESSION
5월 15, 2023 11:48:20.965 [1968:12132:0515/114820.964:ERROR:interface_endpoint_client.cc(696)] Message 1 rejected by interface blink.mojom.WidgetHost
5월 15, 2023 11:50:08.989 [1968:12132:0515/115008.989:ERROR:interface_endpoint_client.cc(696)] Message 0 rejected by interface blink.mojom.WidgetHost
5월 15, 2023 13:36:17.409 [1968:12476:0515/133617.409:ERROR:connection_factory_impl.cc(471)] ConnectionHandler failed with net error: -2
5월 15, 2023 14:01:35.840 [1968:12132:0515/140135.840:ERROR:device_event_log_impl.cc(222)] [14:01:35.839] USB: usb_service_win.cc:104 SetupDiGetDeviceProperty({{A45C254E-DF1C-4EFD-8020-67D146A850E0}, 6}) failed: 요소가 없습니다. (0x490)
5월 15, 2023 14:01:53.709 [1968:12132:0515/140153.709:ERROR:interface_endpoint_client.cc(696)] Message 1 rejected by interface blink.mojom.WidgetHost
5월 15, 2023 14:18:59.34 [1968:12132:0515/141859.033:ERROR:device_event_log_impl.cc(222)] [14:18:59.034] USB: usb_service_win.cc:104 SetupDiGetDeviceProperty({{A45C254E-DF1C-4EFD-8020-67D146A850E0}, 6}) failed: 요소가 없습니다. (0x490)
5월 15, 2023 16:34:28.798 [libprotobuf ERROR ..\..\third_party\protobuf\src\google\protobuf\message_lite.cc:133] Can't parse message of type "safe_browsing.ClientDownloadRequest" because it is missing required fields: (cannot determine missing fields for lite message)
5월 15, 2023 16:34:29.967 [libprotobuf ERROR ..\..\third_party\protobuf\src\google\protobuf\message_lite.cc:133] Can't parse message of type "safe_browsing.ClientDownloadRequest" because it is missing required fields: (cannot determine missing fields for lite message)
5월 15, 2023 16:34:31.338 [libprotobuf ERROR ..\..\third_party\protobuf\src\google\protobuf\message_lite.cc:133] Can't parse message of type "safe_browsing.ClientDownloadRequest" because it is missing required fields: (cannot determine missing fields for lite message)
5월 15, 2023 16:34:32.913 [libprotobuf ERROR ..\..\third_party\protobuf\src\google\protobuf\message_lite.cc:133] Can't parse message of type "safe_browsing.ClientDownloadRequest" because it is missing required fields: (cannot determine missing fields for lite message)
5월 15, 2023 19:56:26.279 [1968:12132:0515/195626.279:ERROR:sharing_service.cc(252)] Device un-registration failed with fatal error

5월 15, 2023 21:29:49.737 NEW SESSION
5월 15, 2023 21:29:49.737 [10976:11028:0515/212949.735:ERROR:connection_factory_impl.cc(471)] ConnectionHandler failed with net error: -2
5월 15, 2023 21:29:54.724 [10976:11028:0515/212954.724:ERROR:connection_factory_impl.cc(471)] ConnectionHandler failed with net error: -2
5월 16, 2023 09:34:08.750 [10976:13632:0516/093408.749:ERROR:device_event_log_impl.cc(222)] [09:34:08.749] USB: usb_service_win.cc:104 SetupDiGetDeviceProperty({{A45C254E-DF1C-4EFD-8020-67D146A850E0}, 6}) failed: 요소가 없습니다. (0x490)
5월 16, 2023 09:34:08.757 [10976:13632:0516/093408.756:ERROR:device_event_log_impl.cc(222)] [09:34:08.756] USB: usb_service_win.cc:307 SetupDiEnumDeviceInterfaces: 사용 가능한 데이터가 없습니다. (0x103)
5월 16, 2023 09:34:08.837 [10976:13632:0516/093408.837:ERROR:device_event_log_impl.cc(222)] [09:34:08.837] USB: usb_service_win.cc:104 SetupDiGetDeviceProperty({{A45C254E-DF1C-4EFD-8020-67D146A850E0}, 6}) failed: 요소가 없습니다. (0x490)
5월 16, 2023 09:34:08.842 [10976:13632:0516/093408.841:ERROR:device_event_log_impl.cc(222)] [09:34:08.841] USB: usb_service_win.cc:307 SetupDiEnumDeviceInterfaces: 사용 가능한 데이터가 없습니다. (0x103)
5월 16, 2023 09:40:26.36 [7796:448:0516/094026.036:ERROR:device_event_log_impl.cc(222)] [09:40:26.035] USB: usb_service_win.cc:104 SetupDiGetDeviceProperty({{A45C254E-DF1C-4EFD-8020-67D146A850E0}, 6}) failed: 요소가 없습니다. (0x490)

5월 16, 2023 19:05:52.918 NEW SESSION
5월 16, 2023 19:05:52.918 [8360:10284:0516/190552.914:ERROR:CONSOLE(1)] "Request Network.setUserAgentOverride failed. {"code":-32602,"message":"Empty userAgent invalid with userAgentMetadata provided"}", source: devtools://devtools/bundled/devtools-frontend/front_end/core/protocol_client/protocol_client.js (1)
5월 16, 2023 19:05:52.918 [8360:10284:0516/190552.914:ERROR:CONSOLE(1)] "Request Network.setUserAgentOverride failed. {"code":-32602,"message":"Empty userAgent invalid with userAgentMetadata provided"}", source: devtools://devtools/bundled/devtools-frontend/front_end/core/protocol_client/protocol_client.js (1)
5월 16, 2023 19:06:35.298 [8360:10284:0516/190635.297:ERROR:CONSOLE(1)] "Request Network.setUserAgentOverride failed. {"code":-32602,"message":"Empty userAgent invalid with userAgentMetadata provided"}", source: devtools://devtools/bundled/devtools-frontend/front_end/core/protocol_client/protocol_client.js (1)
5월 16, 2023 19:06:35.299 [8360:10284:0516/190635.299:ERROR:CONSOLE(1)] "Request Network.setUserAgentOverride failed. {"code":-32602,"message":"Empty userAgent invalid with userAgentMetadata provided"}", source: devtools://devtools/bundled/devtools-frontend/front_end/core/protocol_client/protocol_client.js (1)
5월 16, 2023 19:06:35.299 [8360:10284:0516/190635.299:ERROR:CONSOLE(1)] "Request Network.setUserAgentOverride failed. {"code":-32602,"message":"Empty userAgent invalid with userAgentMetadata provided"}", source: devtools://devtools/bundled/devtools-frontend/front_end/core/protocol_client/protocol_client.js (1)
5월 16, 2023 19:09:00.273 [8360:10284:0516/190900.273:ERROR:device_event_log_impl.cc(222)] [19:09:00.273] USB: usb_service_win.cc:104 SetupDiGetDeviceProperty({{A45C254E-DF1C-4EFD-8020-67D146A850E0}, 6}) failed: 요소가 없습니다. (0x490)
5월 16, 2023 19:18:26.275 [8360:10284:0516/191826.274:ERROR:CONSOLE(1)] "Request Network.setUserAgentOverride failed. {"code":-32602,"message":"Empty userAgent invalid with userAgentMetadata provided"}", source: devtools://devtools/bundled/devtools-frontend/front_end/core/protocol_client/protocol_client.js (1)
5월 16, 2023 19:43:49.561 [8360:10284:0516/194349.561:ERROR:page_load_metrics_update_dispatcher.cc(178)] Invalid first_paint 0.368 s for first_image_paint 0.352 s
5월 16, 2023 19:43:49.691 [8360:10284:0516/194349.691:ERROR:page_load_metrics_update_dispatcher.cc(178)] Invalid first_paint 0.368 s for first_image_paint 0.352 s
5월 16, 2023 19:43:49.792 [8360:10284:0516/194349.792:ERROR:page_load_metrics_update_dispatcher.cc(178)] Invalid first_paint 0.368 s for first_image_paint 0.352 s
5월 16, 2023 19:43:49.895 [8360:10284:0516/194349.895:ERROR:page_load_metrics_update_dispatcher.cc(178)] Invalid first_paint 0.368 s for first_image_paint 0.352 s
5월 16, 2023 19:43:50.111 [8360:10284:0516/194350.111:ERROR:page_load_metrics_update_dispatcher.cc(178)] Invalid first_paint 0.368 s for first_image_paint 0.352 s
5월 16, 2023 19:43:50.232 [8360:10284:0516/194350.232:ERROR:page_load_metrics_update_dispatcher.cc(178)] Invalid first_paint 0.368 s for first_image_paint 0.352 s
5월 16, 2023 19:43:50.333 [8360:10284:0516/194350.333:ERROR:page_load_metrics_update_dispatcher.cc(178)] Invalid first_paint 0.368 s for first_image_paint 0.352 s
5월 16, 2023 19:43:50.445 [8360:10284:0516/194350.445:ERROR:page_load_metrics_update_dispatcher.cc(178)] Invalid first_paint 0.368 s for first_image_paint 0.352 s
5월 16, 2023 19:43:50.561 [8360:10284:0516/194350.561:ERROR:page_load_metrics_update_dispatcher.cc(178)] Invalid first_paint 0.368 s for first_image_paint 0.352 s
5월 16, 2023 19:43:50.671 [8360:10284:0516/194350.671:ERROR:page_load_metrics_update_dispatcher.cc(178)] Invalid first_paint 0.368 s for first_image_paint 0.352 s
5월 16, 2023 19:43:51.43 [8360:10284:0516/194351.043:ERROR:page_load_metrics_update_dispatcher.cc(178)] Invalid first_paint 0.368 s for first_image_paint 0.352 s
5월 16, 2023 19:43:51.592 [8360:10284:0516/194351.592:ERROR:page_load_metrics_update_dispatcher.cc(178)] Invalid first_paint 0.368 s for first_image_paint 0.352 s
5월 16, 2023 19:43:51.699 [8360:10284:0516/194351.699:ERROR:page_load_metrics_update_dispatcher.cc(178)] Invalid first_paint 0.368 s for first_image_paint 0.352 s
5월 16, 2023 19:43:51.880 [8360:10284:0516/194351.880:ERROR:page_load_metrics_update_dispatcher.cc(178)] Invalid first_paint 0.368 s for first_image_paint 0.352 s
5월 16, 2023 19:43:52.576 [8360:10284:0516/194352.576:ERROR:page_load_metrics_update_dispatcher.cc(178)] Invalid first_paint 0.368 s for first_image_paint 0.352 s
5월 16, 2023 19:43:53.949 [8360:10284:0516/194353.949:ERROR:page_load_metrics_update_dispatcher.cc(178)] Invalid first_paint 0.368 s for first_image_paint 0.352 s
5월 16, 2023 19:43:54.67 [8360:10284:0516/194354.066:ERROR:page_load_metrics_update_dispatcher.cc(178)] Invalid first_paint 0.368 s for first_image_paint 0.352 s
5월 16, 2023 19:43:54.482 [8360:10284:0516/194354.482:ERROR:page_load_metrics_update_dispatcher.cc(178)] Invalid first_paint 0.368 s for first_image_paint 0.352 s
5월 16, 2023 19:43:54.589 [8360:10284:0516/194354.588:ERROR:page_load_metrics_update_dispatcher.cc(178)] Invalid first_paint 0.368 s for first_image_paint 0.352 s
5월 16, 2023 19:43:55.852 [8360:10284:0516/194355.852:ERROR:page_load_metrics_update_dispatcher.cc(178)] Invalid first_paint 0.368 s for first_image_paint 0.352 s
5월 16, 2023 19:43:55.973 [8360:10284:0516/194355.972:ERROR:page_load_metrics_update_dispatcher.cc(178)] Invalid first_paint 0.368 s for first_image_paint 0.352 s
5월 16, 2023 19:43:56.82 [8360:10284:0516/194356.081:ERROR:page_load_metrics_update_dispatcher.cc(178)] Invalid first_paint 0.368 s for first_image_paint 0.352 s
5월 16, 2023 19:43:57.830 [8360:10284:0516/194357.829:ERROR:page_load_metrics_update_dispatcher.cc(178)] Invalid first_paint 0.368 s for first_image_paint 0.352 s

5월 18, 2023 09:34:06.345 NEW SESSION
5월 18, 2023 09:34:06.345 [5688:11692:0518/093406.342:ERROR:device_event_log_impl.cc(222)] [09:34:06.343] USB: usb_service_win.cc:104 SetupDiGetDeviceProperty({{A45C254E-DF1C-4EFD-8020-67D146A850E0}, 6}) failed: 요소가 없습니다. (0x490)
5월 18, 2023 11:04:31.910 [5688:11692:0518/110431.907:ERROR:device_event_log_impl.cc(222)] [11:04:31.889] USB: usb_service_win.cc:104 SetupDiGetDeviceProperty({{A45C254E-DF1C-4EFD-8020-67D146A850E0}, 6}) failed: 요소가 없습니다. (0x490)
5월 18, 2023 11:04:31.916 [5688:11692:0518/110431.914:ERROR:device_event_log_impl.cc(222)] [11:04:31.915] USB: usb_service_win.cc:307 SetupDiEnumDeviceInterfaces: 사용 가능한 데이터가 없습니다. (0x103)
5월 18, 2023 11:10:18.871 [5688:11692:0518/111018.871:ERROR:device_event_log_impl.cc(222)] [11:10:18.871] USB: usb_service_win.cc:104 SetupDiGetDeviceProperty({{A45C254E-DF1C-4EFD-8020-67D146A850E0}, 6}) failed: 요소가 없습니다. (0x490)
5월 18, 2023 11:11:41.492 [5688:11692:0518/111141.492:ERROR:device_event_log_impl.cc(222)] [11:11:41.491] USB: usb_service_win.cc:104 SetupDiGetDeviceProperty({{A45C254E-DF1C-4EFD-8020-67D146A850E0}, 6}) failed: 요소가 없습니다. (0x490)
5월 18, 2023 11:43:10.492 [5688:11692:0518/114310.492:ERROR:device_event_log_impl.cc(222)] [11:43:10.491] USB: usb_service_win.cc:104 SetupDiGetDeviceProperty({{A45C254E-DF1C-4EFD-8020-67D146A850E0}, 6}) failed: 요소가 없습니다. (0x490)
5월 18, 2023 11:43:10.502 [5688:11692:0518/114310.502:ERROR:device_event_log_impl.cc(222)] [11:43:10.501] USB: usb_service_win.cc:307 SetupDiEnumDeviceInterfaces: 사용 가능한 데이터가 없습니다. (0x103)
5월 18, 2023 11:49:29.27 [libprotobuf ERROR ..\..\third_party\protobuf\src\google\protobuf\message_lite.cc:133] Can't parse message of type "safe_browsing.ClientDownloadRequest" because it is missing required fields: (cannot determine missing fields for lite message)
5월 18, 2023 12:01:37.808 [5688:11692:0518/120137.807:ERROR:interface_endpoint_client.cc(696)] Message 1 rejected by interface blink.mojom.WidgetHost
5월 18, 2023 13:12:46.471 [libprotobuf ERROR ..\..\third_party\protobuf\src\google\protobuf\message_lite.cc:133] Can't parse message of type "safe_browsing.ClientDownloadRequest" because it is missing required fields: (cannot determine missing fields for lite message)
5월 18, 2023 13:13:04.495 [libprotobuf ERROR ..\..\third_party\protobuf\src\google\protobuf\message_lite.cc:133] Can't parse message of type "safe_browsing.ClientDownloadRequest" because it is missing required fields: (cannot determine missing fields for lite message)
5월 18, 2023 13:56:36.641 [5688:7088:0518/134024.092:ERROR:connection_factory_impl.cc(471)] ConnectionHandler failed with net error: -2
5월 18, 2023 13:56:40.759 [5688:11692:0518/135640.759:ERROR:device_event_log_impl.cc(222)] [13:56:40.753] USB: usb_service_win.cc:104 SetupDiGetDeviceProperty({{A45C254E-DF1C-4EFD-8020-67D146A850E0}, 6}) failed: 요소가 없습니다. (0x490)
5월 18, 2023 14:36:13.370 [5688:7088:0518/143613.369:ERROR:mcs_client.cc(750)] Received close command, resetting connection.
5월 18, 2023 15:04:15.623 [5688:11692:0518/150415.622:ERROR:device_event_log_impl.cc(222)] [15:04:15.621] USB: usb_service_win.cc:104 SetupDiGetDeviceProperty({{A45C254E-DF1C-4EFD-8020-67D146A850E0}, 6}) failed: 요소가 없습니다. (0x490)
5월 18, 2023 15:04:15.630 [5688:11692:0518/150415.629:ERROR:device_event_log_impl.cc(222)] [15:04:15.629] USB: usb_service_win.cc:307 SetupDiEnumDeviceInterfaces: 사용 가능한 데이터가 없습니다. (0x103)
5월 18, 2023 15:04:22.856 [5688:11692:0518/150422.856:ERROR:device_event_log_impl.cc(222)] [15:04:22.855] USB: usb_service_win.cc:104 SetupDiGetDeviceProperty({{A45C254E-DF1C-4EFD-8020-67D146A850E0}, 6}) failed: 요소가 없습니다. (0x490)
5월 18, 2023 15:04:22.865 [5688:11692:0518/150422.865:ERROR:device_event_log_impl.cc(222)] [15:04:22.865] USB: usb_service_win.cc:307 SetupDiEnumDeviceInterfaces: 사용 가능한 데이터가 없습니다. (0x103)
5월 18, 2023 15:16:39.874 [libprotobuf ERROR ..\..\third_party\protobuf\src\google\protobuf\message_lite.cc:133] Can't parse message of type "safe_browsing.ClientDownloadRequest" because it is missing required fields: (cannot determine missing fields for lite message)
5월 18, 2023 15:37:48.772 [libprotobuf ERROR ..\..\third_party\protobuf\src\google\protobuf\message_lite.cc:133] Can't parse message of type "safe_browsing.ClientDownloadRequest" because it is missing required fields: (cannot determine missing fields for lite message)
5월 18, 2023 15:37:50.615 [libprotobuf ERROR ..\..\third_party\protobuf\src\google\protobuf\message_lite.cc:133] Can't parse message of type "safe_browsing.ClientDownloadRequest" because it is missing required fields: (cannot determine missing fields for lite message)
5월 18, 2023 15:50:49.554 [libprotobuf ERROR ..\..\third_party\protobuf\src\google\protobuf\message_lite.cc:133] Can't parse message of type "safe_browsing.ClientDownloadRequest" because it is missing required fields: (cannot determine missing fields for lite message)
5월 18, 2023 15:50:50.981 [libprotobuf ERROR ..\..\third_party\protobuf\src\google\protobuf\message_lite.cc:133] Can't parse message of type "safe_browsing.ClientDownloadRequest" because it is missing required fields: (cannot determine missing fields for lite message)
5월 18, 2023 16:43:52.593 [libprotobuf ERROR ..\..\third_party\protobuf\src\google\protobuf\message_lite.cc:133] Can't parse message of type "safe_browsing.ClientDownloadRequest" because it is missing required fields: (cannot determine missing fields for lite message)
5월 18, 2023 17:12:31.802 [5688:11692:0518/171231.801:ERROR:interface_endpoint_client.cc(696)] Message 0 rejected by interface blink.mojom.WidgetHost
5월 18, 2023 18:28:00.511 [5688:11692:0518/182800.511:ERROR:device_event_log_impl.cc(222)] [18:28:00.511] USB: usb_service_win.cc:104 SetupDiGetDeviceProperty({{A45C254E-DF1C-4EFD-8020-67D146A850E0}, 6}) failed: 요소가 없습니다. (0x490)
5월 18, 2023 18:28:00.519 [5688:11692:0518/182800.519:ERROR:device_event_log_impl.cc(222)] [18:28:00.519] USB: usb_service_win.cc:307 SetupDiEnumDeviceInterfaces: 사용 가능한 데이터가 없습니다. (0x103)

5월 18, 2023 21:26:20.759 NEW SESSION
5월 18, 2023 21:26:20.759 [1540:2592:0518/212620.757:ERROR:connection_factory_impl.cc(428)] Failed to connect to MCS endpoint with error -106
5월 18, 2023 21:26:42.270 [1540:2592:0518/212642.269:ERROR:connection_factory_impl.cc(428)] Failed to connect to MCS endpoint with error -106
5월 18, 2023 21:27:23.597 [1540:2592:0518/212723.595:ERROR:connection_factory_impl.cc(428)] Failed to connect to MCS endpoint with error -106
5월 18, 2023 21:27:25.00 [1540:1548:0518/212724.999:ERROR:device_event_log_impl.cc(222)] [21:27:24.999] USB: usb_service_win.cc:104 SetupDiGetDeviceProperty({{A45C254E-DF1C-4EFD-8020-67D146A850E0}, 6}) failed: 요소가 없습니다. (0x490)
5월 18, 2023 21:29:00.31 [1540:2592:0518/212900.030:ERROR:connection_factory_impl.cc(428)] Failed to connect to MCS endpoint with error -106
5월 18, 2023 21:31:54.397 [1540:2592:0518/213154.396:ERROR:connection_factory_impl.cc(428)] Failed to connect to MCS endpoint with error -106
5월 18, 2023 21:39:28.707 [1540:2592:0518/213928.706:ERROR:connection_factory_impl.cc(428)] Failed to connect to MCS endpoint with error -106

5월 21, 2023 20:16:37.305 NEW SESSION
5월 21, 2023 20:16:37.305 [10264:2076:0521/201637.302:ERROR:device_event_log_impl.cc(222)] [20:16:37.302] USB: usb_service_win.cc:104 SetupDiGetDeviceProperty({{A45C254E-DF1C-4EFD-8020-67D146A850E0}, 6}) failed: 요소가 없습니다. (0x490)
